# JRE version: 7.0_05-b06
# Java VM: Java HotSpot(TM) Client VM (23.1-b03 mixed mode, sharing windows-x86 )
Heap
 def new generation   total 37120K, used 3727K [0x22c40000, 0x25480000, 0x28190000)
  eden space 33024K,  11% used [0x22c40000, 0x22fe3dc8, 0x24c80000)
  from space 4096K,   0% used [0x24c80000, 0x24c80000, 0x25080000)
  to   space 4096K,   0% used [0x25080000, 0x25080000, 0x25480000)
 tenured generation   total 82292K, used 49375K [0x28190000, 0x2d1ed000, 0x32c40000)
   the space 82292K,  59% used [0x28190000, 0x2b1c7c18, 0x2b1c7e00, 0x2d1ed000)
 compacting perm gen  total 12288K, used 1839K [0x32c40000, 0x33840000, 0x36c40000)
   the space 12288K,  14% used [0x32c40000, 0x32e0bf08, 0x32e0c000, 0x33840000)
    ro space 10240K,  45% used [0x36c40000, 0x370c3960, 0x370c3a00, 0x37640000)
    rw space 12288K,  54% used [0x37640000, 0x37cc74d8, 0x37cc7600, 0x38240000)
GC Heap History (10 events):
Event: 92.391 GC heap before
{Heap before GC invocations=28 (full 3):
 def new generation   total 21888K, used 19593K [0x22c40000, 0x243f0000, 0x28190000)
  eden space 19520K, 100% used [0x22c40000, 0x23f50000, 0x23f50000)
  from space 2368K,   3% used [0x23f50000, 0x23f62748, 0x241a0000)
  to   space 2368K,   0% used [0x241a0000, 0x241a0000, 0x243f0000)
 tenured generation   total 48436K, used 29060K [0x28190000, 0x2b0dd000, 0x32c40000)
   the space 48436K,  59% used [0x28190000, 0x29df1000, 0x29df1000, 0x2b0dd000)
 compacting perm gen  total 12288K, used 1839K [0x32c40000, 0x33840000, 0x36c40000)
   the space 12288K,  14% used [0x32c40000, 0x32e0bd18, 0x32e0be00, 0x33840000)
    ro space 10240K,  45% used [0x36c40000, 0x370c3960, 0x370c3a00, 0x37640000)
    rw space 12288K,  54% used [0x37640000, 0x37cc74d8, 0x37cc7600, 0x38240000)
Event: 92.392 GC heap after
Heap after GC invocations=29 (full 3):
 def new generation   total 21888K, used 76K [0x22c40000, 0x243f0000, 0x28190000)
  eden space 19520K,   0% used [0x22c40000, 0x22c40000, 0x23f50000)
  from space 2368K,   3% used [0x241a0000, 0x241b3290, 0x243f0000)
  to   space 2368K,   0% used [0x23f50000, 0x23f50000, 0x241a0000)
 tenured generation   total 48436K, used 29060K [0x28190000, 0x2b0dd000, 0x32c40000)
   the space 48436K,  59% used [0x28190000, 0x29df1000, 0x29df1000, 0x2b0dd000)
 compacting perm gen  total 12288K, used 1839K [0x32c40000, 0x33840000, 0x36c40000)
   the space 12288K,  14% used [0x32c40000, 0x32e0bd18, 0x32e0be00, 0x33840000)
    ro space 10240K,  45% used [0x36c40000, 0x370c3960, 0x370c3a00, 0x37640000)
    rw space 12288K,  54% used [0x37640000, 0x37cc74d8, 0x37cc7600, 0x38240000)
}
Event: 93.071 GC heap before
{Heap before GC invocations=29 (full 3):
 def new generation   total 21888K, used 15803K [0x22c40000, 0x243f0000, 0x28190000)
  eden space 19520K,  80% used [0x22c40000, 0x23b9ba78, 0x23f50000)
  from space 2368K,   3% used [0x241a0000, 0x241b3290, 0x243f0000)
  to   space 2368K,   0% used [0x23f50000, 0x23f50000, 0x241a0000)
 tenured generation   total 48436K, used 29060K [0x28190000, 0x2b0dd000, 0x32c40000)
   the space 48436K,  59% used [0x28190000, 0x29df1000, 0x29df1000, 0x2b0dd000)
 compacting perm gen  total 12288K, used 1839K [0x32c40000, 0x33840000, 0x36c40000)
   the space 12288K,  14% used [0x32c40000, 0x32e0bd28, 0x32e0be00, 0x33840000)
    ro space 10240K,  45% used [0x36c40000, 0x370c3960, 0x370c3a00, 0x37640000)
    rw space 12288K,  54% used [0x37640000, 0x37cc74d8, 0x37cc7600, 0x38240000)
Event: 93.072 GC heap after
Heap after GC invocations=30 (full 3):
 def new generation   total 21888K, used 62K [0x22c40000, 0x243f0000, 0x28190000)
  eden space 19520K,   0% used [0x22c40000, 0x22c40000, 0x23f50000)
  from space 2368K,   2% used [0x23f50000, 0x23f5fb50, 0x241a0000)
  to   space 2368K,   0% used [0x241a0000, 0x241a0000, 0x243f0000)
 tenured generation   total 48436K, used 29060K [0x28190000, 0x2b0dd000, 0x32c40000)
   the space 48436K,  59% used [0x28190000, 0x29df1000, 0x29df1000, 0x2b0dd000)
 compacting perm gen  total 12288K, used 1839K [0x32c40000, 0x33840000, 0x36c40000)
   the space 12288K,  14% used [0x32c40000, 0x32e0bd28, 0x32e0be00, 0x33840000)
    ro space 10240K,  45% used [0x36c40000, 0x370c3960, 0x370c3a00, 0x37640000)
    rw space 12288K,  54% used [0x37640000, 0x37cc74d8, 0x37cc7600, 0x38240000)
}
Event: 93.236 GC heap before
{Heap before GC invocations=30 (full 3):
 def new generation   total 21888K, used 19582K [0x22c40000, 0x243f0000, 0x28190000)
  eden space 19520K, 100% used [0x22c40000, 0x23f50000, 0x23f50000)
  from space 2368K,   2% used [0x23f50000, 0x23f5fb50, 0x241a0000)
  to   space 2368K,   0% used [0x241a0000, 0x241a0000, 0x243f0000)
 tenured generation   total 48436K, used 29060K [0x28190000, 0x2b0dd000, 0x32c40000)
   the space 48436K,  59% used [0x28190000, 0x29df1000, 0x29df1000, 0x2b0dd000)
 compacting perm gen  total 12288K, used 1839K [0x32c40000, 0x33840000, 0x36c40000)
   the space 12288K,  14% used [0x32c40000, 0x32e0bd28, 0x32e0be00, 0x33840000)
    ro space 10240K,  45% used [0x36c40000, 0x370c3960, 0x370c3a00, 0x37640000)
    rw space 12288K,  54% used [0x37640000, 0x37cc74d8, 0x37cc7600, 0x38240000)
Event: 93.246 GC heap after
Heap after GC invocations=31 (full 3):
 def new generation   total 21888K, used 66K [0x22c40000, 0x243f0000, 0x28190000)
  eden space 19520K,   0% used [0x22c40000, 0x22c40000, 0x23f50000)
  from space 2368K,   2% used [0x241a0000, 0x241b0ad0, 0x243f0000)
  to   space 2368K,   0% used [0x23f50000, 0x23f50000, 0x241a0000)
 tenured generation   total 48436K, used 40704K [0x28190000, 0x2b0dd000, 0x32c40000)
   the space 48436K,  84% used [0x28190000, 0x2a950168, 0x2a950200, 0x2b0dd000)
 compacting perm gen  total 12288K, used 1839K [0x32c40000, 0x33840000, 0x36c40000)
   the space 12288K,  14% used [0x32c40000, 0x32e0bd28, 0x32e0be00, 0x33840000)
    ro space 10240K,  45% used [0x36c40000, 0x370c3960, 0x370c3a00, 0x37640000)
    rw space 12288K,  54% used [0x37640000, 0x37cc74d8, 0x37cc7600, 0x38240000)
}
Event: 93.397 GC heap before
{Heap before GC invocations=31 (full 3):
 def new generation   total 21888K, used 9256K [0x22c40000, 0x243f0000, 0x28190000)
  eden space 19520K,  47% used [0x22c40000, 0x235396a8, 0x23f50000)
  from space 2368K,   2% used [0x241a0000, 0x241b0ad0, 0x243f0000)
  to   space 2368K,   0% used [0x23f50000, 0x23f50000, 0x241a0000)
 tenured generation   total 48436K, used 40704K [0x28190000, 0x2b0dd000, 0x32c40000)
   the space 48436K,  84% used [0x28190000, 0x2a950168, 0x2a950200, 0x2b0dd000)
 compacting perm gen  total 12288K, used 1842K [0x32c40000, 0x33840000, 0x36c40000)
   the space 12288K,  14% used [0x32c40000, 0x32e0ca58, 0x32e0cc00, 0x33840000)
    ro space 10240K,  45% used [0x36c40000, 0x370c3960, 0x370c3a00, 0x37640000)
    rw space 12288K,  54% used [0x37640000, 0x37cc74d8, 0x37cc7600, 0x38240000)
Event: 93.401 GC heap after
Heap after GC invocations=32 (full 3):
 def new generation   total 21888K, used 2368K [0x22c40000, 0x243f0000, 0x28190000)
  eden space 19520K,   0% used [0x22c40000, 0x22c40000, 0x23f50000)
  from space 2368K, 100% used [0x23f50000, 0x241a0000, 0x241a0000)
  to   space 2368K,   0% used [0x241a0000, 0x241a0000, 0x243f0000)
 tenured generation   total 48436K, used 42261K [0x28190000, 0x2b0dd000, 0x32c40000)
   the space 48436K,  87% used [0x28190000, 0x2aad5448, 0x2aad5600, 0x2b0dd000)
 compacting perm gen  total 12288K, used 1842K [0x32c40000, 0x33840000, 0x36c40000)
   the space 12288K,  14% used [0x32c40000, 0x32e0ca58, 0x32e0cc00, 0x33840000)
    ro space 10240K,  45% used [0x36c40000, 0x370c3960, 0x370c3a00, 0x37640000)
    rw space 12288K,  54% used [0x37640000, 0x37cc74d8, 0x37cc7600, 0x38240000)
}
Event: 93.950 GC heap before
{Heap before GC invocations=32 (full 3):
 def new generation   total 21888K, used 21888K [0x22c40000, 0x243f0000, 0x28190000)
  eden space 19520K, 100% used [0x22c40000, 0x23f50000, 0x23f50000)
  from space 2368K, 100% used [0x23f50000, 0x241a0000, 0x241a0000)
  to   space 2368K,   0% used [0x241a0000, 0x241a0000, 0x243f0000)
 tenured generation   total 48436K, used 42261K [0x28190000, 0x2b0dd000, 0x32c40000)
   the space 48436K,  87% used [0x28190000, 0x2aad5448, 0x2aad5600, 0x2b0dd000)
 compacting perm gen  total 12288K, used 1842K [0x32c40000, 0x33840000, 0x36c40000)
   the space 12288K,  14% used [0x32c40000, 0x32e0ca78, 0x32e0cc00, 0x33840000)
    ro space 10240K,  45% used [0x36c40000, 0x370c3960, 0x370c3a00, 0x37640000)
    rw space 12288K,  54% used [0x37640000, 0x37cc74d8, 0x37cc7600, 0x38240000)
Event: 94.041 GC heap after
Heap after GC invocations=33 (full 4):
 def new generation   total 37120K, used 0K [0x22c40000, 0x25480000, 0x28190000)
  eden space 33024K,   0% used [0x22c40000, 0x22c40000, 0x24c80000)
  from space 4096K,   0% used [0x24c80000, 0x24c80000, 0x25080000)
  to   space 4096K,   0% used [0x25080000, 0x25080000, 0x25480000)
 tenured generation   total 82292K, used 49375K [0x28190000, 0x2d1ed000, 0x32c40000)
   the space 82292K,  59% used [0x28190000, 0x2b1c7c18, 0x2b1c7e00, 0x2d1ed000)
 compacting perm gen  total 12288K, used 1838K [0x32c40000, 0x33840000, 0x36c40000)
   the space 12288K,  14% used [0x32c40000, 0x32e0b970, 0x32e0ba00, 0x33840000)
    ro space 10240K,  45% used [0x36c40000, 0x370c3960, 0x370c3a00, 0x37640000)
    rw space 12288K,  54% used [0x37640000, 0x37cc74d8, 0x37cc7600, 0x38240000)
}

