# JRE version: 7.0_05-b06
# Java VM: Java HotSpot(TM) Client VM (23.1-b03 mixed mode, sharing windows-x86 )
Heap
 def new generation   total 4928K, used 2926K [0x22c40000, 0x23190000, 0x28190000)
  eden space 4416K,  54% used [0x22c40000, 0x22e9b900, 0x23090000)
  from space 512K, 100% used [0x23090000, 0x23110000, 0x23110000)
  to   space 512K,   0% used [0x23110000, 0x23110000, 0x23190000)
 tenured generation   total 10944K, used 1470K [0x28190000, 0x28c40000, 0x32c40000)
   the space 10944K,  13% used [0x28190000, 0x282ffa48, 0x282ffc00, 0x28c40000)
 compacting perm gen  total 12288K, used 1331K [0x32c40000, 0x33840000, 0x36c40000)
   the space 12288K,  10% used [0x32c40000, 0x32d8ceb0, 0x32d8d000, 0x33840000)
    ro space 10240K,  45% used [0x36c40000, 0x370c3960, 0x370c3a00, 0x37640000)
    rw space 12288K,  54% used [0x37640000, 0x37cc74d8, 0x37cc7600, 0x38240000)
GC Heap History (4 events):
Event: 0.709 GC heap before
{Heap before GC invocations=0 (full 0):
 def new generation   total 4928K, used 4416K [0x22c40000, 0x23190000, 0x28190000)
  eden space 4416K, 100% used [0x22c40000, 0x23090000, 0x23090000)
  from space 512K,   0% used [0x23090000, 0x23090000, 0x23110000)
  to   space 512K,   0% used [0x23110000, 0x23110000, 0x23190000)
 tenured generation   total 10944K, used 0K [0x28190000, 0x28c40000, 0x32c40000)
   the space 10944K,   0% used [0x28190000, 0x28190000, 0x28190200, 0x28c40000)
 compacting perm gen  total 12288K, used 999K [0x32c40000, 0x33840000, 0x36c40000)
   the space 12288K,   8% used [0x32c40000, 0x32d39e40, 0x32d3a000, 0x33840000)
    ro space 10240K,  45% used [0x36c40000, 0x370c3960, 0x370c3a00, 0x37640000)
    rw space 12288K,  54% used [0x37640000, 0x37cc74d8, 0x37cc7600, 0x38240000)
Event: 0.720 GC heap after
Heap after GC invocations=1 (full 0):
 def new generation   total 4928K, used 512K [0x22c40000, 0x23190000, 0x28190000)
  eden space 4416K,   0% used [0x22c40000, 0x22c40000, 0x23090000)
  from space 512K, 100% used [0x23110000, 0x23190000, 0x23190000)
  to   space 512K,   0% used [0x23090000, 0x23090000, 0x23110000)
 tenured generation   total 10944K, used 913K [0x28190000, 0x28c40000, 0x32c40000)
   the space 10944K,   8% used [0x28190000, 0x28274448, 0x28274600, 0x28c40000)
 compacting perm gen  total 12288K, used 999K [0x32c40000, 0x33840000, 0x36c40000)
   the space 12288K,   8% used [0x32c40000, 0x32d39e40, 0x32d3a000, 0x33840000)
    ro space 10240K,  45% used [0x36c40000, 0x370c3960, 0x370c3a00, 0x37640000)
    rw space 12288K,  54% used [0x37640000, 0x37cc74d8, 0x37cc7600, 0x38240000)
}
Event: 1.758 GC heap before
{Heap before GC invocations=1 (full 0):
 def new generation   total 4928K, used 4860K [0x22c40000, 0x23190000, 0x28190000)
  eden space 4416K,  98% used [0x22c40000, 0x2307f260, 0x23090000)
  from space 512K, 100% used [0x23110000, 0x23190000, 0x23190000)
  to   space 512K,   0% used [0x23090000, 0x23090000, 0x23110000)
 tenured generation   total 10944K, used 913K [0x28190000, 0x28c40000, 0x32c40000)
   the space 10944K,   8% used [0x28190000, 0x28274448, 0x28274600, 0x28c40000)
 compacting perm gen  total 12288K, used 1216K [0x32c40000, 0x33840000, 0x36c40000)
   the space 12288K,   9% used [0x32c40000, 0x32d70130, 0x32d70200, 0x33840000)
    ro space 10240K,  45% used [0x36c40000, 0x370c3960, 0x370c3a00, 0x37640000)
    rw space 12288K,  54% used [0x37640000, 0x37cc74d8, 0x37cc7600, 0x38240000)
Event: 1.766 GC heap after
Heap after GC invocations=2 (full 0):
 def new generation   total 4928K, used 512K [0x22c40000, 0x23190000, 0x28190000)
  eden space 4416K,   0% used [0x22c40000, 0x22c40000, 0x23090000)
  from space 512K, 100% used [0x23090000, 0x23110000, 0x23110000)
  to   space 512K,   0% used [0x23110000, 0x23110000, 0x23190000)
 tenured generation   total 10944K, used 1470K [0x28190000, 0x28c40000, 0x32c40000)
   the space 10944K,  13% used [0x28190000, 0x282ffa48, 0x282ffc00, 0x28c40000)
 compacting perm gen  total 12288K, used 1216K [0x32c40000, 0x33840000, 0x36c40000)
   the space 12288K,   9% used [0x32c40000, 0x32d70130, 0x32d70200, 0x33840000)
    ro space 10240K,  45% used [0x36c40000, 0x370c3960, 0x370c3a00, 0x37640000)
    rw space 12288K,  54% used [0x37640000, 0x37cc74d8, 0x37cc7600, 0x38240000)
}

